[%c] -> [c]
[%8c] -> [       c]
[%-8c] -> [c       ]
[%1c] -> [c]
[%-32c] -> [c                               ]
[%8.4c] -> [       c]
[%-8.6c] -> [c       ]
[%1.6c] -> [c]
[%-32.6c] -> [c                               ]
[%*c] -> [         c]
[%10.*c] -> [         c]
[%*.*c] -> [         c]
[%s] -> [abcdefg]
[%8s] -> [ abcdefg]
[%-8s] -> [abcdefg ]
[%1s] -> [abcdefg]
[%-32s] -> [abcdefg                         ]
[%8.4s] -> [    abcd]
[%-8.6s] -> [abcdef  ]
[%1.6s] -> [abcdef]
[%-32.6s] -> [abcdef                          ]
[%s] -> [dkhjkwjdkwidhhdiobwbdoidoioiabcdefg]
[%8s] -> [dkhjkwjdkwidhhdiobwbdoidoioiabcdefg]
[%-8s] -> [dkhjkwjdkwidhhdiobwbdoidoioiabcdefg]
[%1s] -> [dkhjkwjdkwidhhdiobwbdoidoioiabcdefg]
[%-32s] -> [dkhjkwjdkwidhhdiobwbdoidoioiabcdefg]
[%8.4s] -> [    dkhj]
[%-8.6s] -> [dkhjkw  ]
[%1.6s] -> [dkhjkw]
[%-32.6s] -> [dkhjkw                          ]
[%-*s] -> [abcdefg   ]
[%-*s] -> [dkhjkwjdkwidhhdiobwbdoidoioiabcdefg]
[%*.*s] -> [       dkhjk]
[%*.*s] -> [       abcde]
[%i] -> [34]
[%8i] -> [      34]
[%-8i] -> [34      ]
[%1i] -> [34]
[%-32i] -> [34                              ]
[%8.4i] -> [    0034]
[%-8.6i] -> [000034  ]
[%1.6i] -> [000034]
[%-32.6i] -> [000034                          ]
[%08i] -> [00000034]
[%010.5i] -> [     00034]
[%+i] -> [+34]
[%+8i] -> [     +34]
[%+-8i] -> [+34     ]
[%+1i] -> [+34]
[%+-32i] -> [+34                             ]
[%+8.4i] -> [   +0034]
[%+-8.6i] -> [+000034 ]
[%+1.6i] -> [+000034]
[%+-32.6i] -> [+000034                         ]
[%+08i] -> [+0000034]
[%+010.5i] -> [    +00034]
[%*i] -> [        34]
[%+*i] -> [       +34]
[%10.*i] -> [      0034]
[%+10.*i] -> [     +0034]
[%*.*i] -> [    000034]
[%+*.*i] -> [   +000034]
[%i] -> [-1244]
[%8i] -> [   -1244]
[%-8i] -> [-1244   ]
[%1i] -> [-1244]
[%-32i] -> [-1244                           ]
[%8.4i] -> [   -1244]
[%-8.6i] -> [-001244 ]
[%1.6i] -> [-001244]
[%-32.6i] -> [-001244                         ]
[%08i] -> [-0001244]
[%010.5i] -> [    -01244]
[%+i] -> [-1244]
[%+8i] -> [   -1244]
[%+-8i] -> [-1244   ]
[%+1i] -> [-1244]
[%+-32i] -> [-1244                           ]
[%+8.4i] -> [   -1244]
[%+-8.6i] -> [-001244 ]
[%+1.6i] -> [-001244]
[%+-32.6i] -> [-001244                         ]
[%+08i] -> [-0001244]
[%+010.5i] -> [    -01244]
[%*i] -> [     -1244]
[%+*i] -> [     -1244]
[%10.*i] -> [     -1244]
[%+10.*i] -> [     -1244]
[%*.*i] -> [   -001244]
[%+*.*i] -> [   -001244]
[%i] -> [0]
[%8i] -> [       0]
[%-8i] -> [0       ]
[%1i] -> [0]
[%-32i] -> [0                               ]
[%8.4i] -> [    0000]
[%-8.6i] -> [000000  ]
[%1.6i] -> [000000]
[%-32.6i] -> [000000                          ]
[%08i] -> [00000000]
[%010.5i] -> [     00000]
[%+i] -> [+0]
[%+8i] -> [      +0]
[%+-8i] -> [+0      ]
[%+1i] -> [+0]
[%+-32i] -> [+0                              ]
[%+8.4i] -> [   +0000]
[%+-8.6i] -> [+000000 ]
[%+1.6i] -> [+000000]
[%+-32.6i] -> [+000000                         ]
[%+08i] -> [+0000000]
[%+010.5i] -> [    +00000]
[%*i] -> [         0]
[%+*i] -> [        +0]
[%10.*i] -> [      0000]
[%+10.*i] -> [     +0000]
[%*.*i] -> [    000000]
[%+*.*i] -> [   +000000]
[%d] -> [34]
[%8d] -> [      34]
[%-8d] -> [34      ]
[%1d] -> [34]
[%-32d] -> [34                              ]
[%8.4d] -> [    0034]
[%-8.6d] -> [000034  ]
[%1.6d] -> [000034]
[%-32.6d] -> [000034                          ]
[%08d] -> [00000034]
[%010.5d] -> [     00034]
[%+d] -> [+34]
[%+8d] -> [     +34]
[%+-8d] -> [+34     ]
[%+1d] -> [+34]
[%+-32d] -> [+34                             ]
[%+8.4d] -> [   +0034]
[%+-8.6d] -> [+000034 ]
[%+1.6d] -> [+000034]
[%+-32.6d] -> [+000034                         ]
[%+08d] -> [+0000034]
[%+010.5d] -> [    +00034]
[%*d] -> [        34]
[%+*d] -> [       +34]
[%10.*d] -> [      0034]
[%+10.*d] -> [     +0034]
[%*.*d] -> [    000034]
[%+*.*d] -> [   +000034]
[%d] -> [-1244]
[%8d] -> [   -1244]
[%-8d] -> [-1244   ]
[%1d] -> [-1244]
[%-32d] -> [-1244                           ]
[%8.4d] -> [   -1244]
[%-8.6d] -> [-001244 ]
[%1.6d] -> [-001244]
[%-32.6d] -> [-001244                         ]
[%08d] -> [-0001244]
[%010.5d] -> [    -01244]
[%+d] -> [-1244]
[%+8d] -> [   -1244]
[%+-8d] -> [-1244   ]
[%+1d] -> [-1244]
[%+-32d] -> [-1244                           ]
[%+8.4d] -> [   -1244]
[%+-8.6d] -> [-001244 ]
[%+1.6d] -> [-001244]
[%+-32.6d] -> [-001244                         ]
[%+08d] -> [-0001244]
[%+010.5d] -> [    -01244]
[%*d] -> [     -1244]
[%+*d] -> [     -1244]
[%10.*d] -> [     -1244]
[%+10.*d] -> [     -1244]
[%*.*d] -> [   -001244]
[%+*.*d] -> [   -001244]
[%d] -> [0]
[%8d] -> [       0]
[%-8d] -> [0       ]
[%1d] -> [0]
[%-32d] -> [0                               ]
[%8.4d] -> [    0000]
[%-8.6d] -> [000000  ]
[%1.6d] -> [000000]
[%-32.6d] -> [000000                          ]
[%08d] -> [00000000]
[%010.5d] -> [     00000]
[%+d] -> [+0]
[%+8d] -> [      +0]
[%+-8d] -> [+0      ]
[%+1d] -> [+0]
[%+-32d] -> [+0                              ]
[%+8.4d] -> [   +0000]
[%+-8.6d] -> [+000000 ]
[%+1.6d] -> [+000000]
[%+-32.6d] -> [+000000                         ]
[%+08d] -> [+0000000]
[%+010.5d] -> [    +00000]
[%*d] -> [         0]
[%+*d] -> [        +0]
[%10.*d] -> [      0000]
[%+10.*d] -> [     +0000]
[%*.*d] -> [    000000]
[%+*.*d] -> [   +000000]
[%u] -> [34]
[%8u] -> [      34]
[%-8u] -> [34      ]
[%1u] -> [34]
[%-32u] -> [34                              ]
[%8.4u] -> [    0034]
[%-8.6u] -> [000034  ]
[%1.6u] -> [000034]
[%-32.6u] -> [000034                          ]
[%08u] -> [00000034]
[%010.5u] -> [     00034]
[%#u] -> [34]
[%#8u] -> [      34]
[%#-8u] -> [34      ]
[%#1u] -> [34]
[%#-32u] -> [34                              ]
[%#8.4u] -> [    0034]
[%#-8.6u] -> [000034  ]
[%#1.6u] -> [000034]
[%#-32.6u] -> [000034                          ]
[%#08u] -> [00000034]
[%#010.5u] -> [     00034]
[%*u] -> [        34]
[%#*u] -> [        34]
[%10.*u] -> [      0034]
[%#10.*u] -> [      0034]
[%*.*u] -> [    000034]
[%#*.*u] -> [    000034]
[%u] -> [64292]
[%8u] -> [   64292]
[%-8u] -> [64292   ]
[%1u] -> [64292]
[%-32u] -> [64292                           ]
[%8.4u] -> [   64292]
[%-8.6u] -> [064292  ]
[%1.6u] -> [064292]
[%-32.6u] -> [064292                          ]
[%08u] -> [00064292]
[%010.5u] -> [     64292]
[%#u] -> [64292]
[%#8u] -> [   64292]
[%#-8u] -> [64292   ]
[%#1u] -> [64292]
[%#-32u] -> [64292                           ]
[%#8.4u] -> [   64292]
[%#-8.6u] -> [064292  ]
[%#1.6u] -> [064292]
[%#-32.6u] -> [064292                          ]
[%#08u] -> [00064292]
[%#010.5u] -> [     64292]
[%*u] -> [     64292]
[%#*u] -> [     64292]
[%10.*u] -> [     64292]
[%#10.*u] -> [     64292]
[%*.*u] -> [    064292]
[%#*.*u] -> [    064292]
[%u] -> [0]
[%8u] -> [       0]
[%-8u] -> [0       ]
[%1u] -> [0]
[%-32u] -> [0                               ]
[%8.4u] -> [    0000]
[%-8.6u] -> [000000  ]
[%1.6u] -> [000000]
[%-32.6u] -> [000000                          ]
[%08u] -> [00000000]
[%010.5u] -> [     00000]
[%#u] -> [0]
[%#8u] -> [       0]
[%#-8u] -> [0       ]
[%#1u] -> [0]
[%#-32u] -> [0                               ]
[%#8.4u] -> [    0000]
[%#-8.6u] -> [000000  ]
[%#1.6u] -> [000000]
[%#-32.6u] -> [000000                          ]
[%#08u] -> [00000000]
[%#010.5u] -> [     00000]
[%*u] -> [         0]
[%#*u] -> [         0]
[%10.*u] -> [      0000]
[%#10.*u] -> [      0000]
[%*.*u] -> [    000000]
[%#*.*u] -> [    000000]
[%x] -> [22]
[%8x] -> [      22]
[%-8x] -> [22      ]
[%1x] -> [22]
[%-32x] -> [22                              ]
[%8.4x] -> [    0022]
[%-8.6x] -> [000022  ]
[%1.6x] -> [000022]
[%-32.6x] -> [000022                          ]
[%08x] -> [00000022]
[%010.5x] -> [     00022]
[%#x] -> [0x22]
[%#8x] -> [    0x22]
[%#-8x] -> [0x22    ]
[%#1x] -> [0x22]
[%#-32x] -> [0x22                            ]
[%#8.4x] -> [  0x0022]
[%#-8.6x] -> [0x000022]
[%#1.6x] -> [0x000022]
[%#-32.6x] -> [0x000022                        ]
[%#08x] -> [0x000022]
[%#010.5x] -> [   0x00022]
[%*x] -> [        22]
[%#*x] -> [      0x22]
[%10.*x] -> [      0022]
[%#10.*x] -> [    0x0022]
[%*.*x] -> [    000022]
[%#*.*x] -> [  0x000022]
[%x] -> [fb24]
[%8x] -> [    fb24]
[%-8x] -> [fb24    ]
[%1x] -> [fb24]
[%-32x] -> [fb24                            ]
[%8.4x] -> [    fb24]
[%-8.6x] -> [00fb24  ]
[%1.6x] -> [00fb24]
[%-32.6x] -> [00fb24                          ]
[%08x] -> [0000fb24]
[%010.5x] -> [     0fb24]
[%#x] -> [0xfb24]
[%#8x] -> [  0xfb24]
[%#-8x] -> [0xfb24  ]
[%#1x] -> [0xfb24]
[%#-32x] -> [0xfb24                          ]
[%#8.4x] -> [  0xfb24]
[%#-8.6x] -> [0x00fb24]
[%#1.6x] -> [0x00fb24]
[%#-32.6x] -> [0x00fb24                        ]
[%#08x] -> [0x00fb24]
[%#010.5x] -> [   0x0fb24]
[%*x] -> [      fb24]
[%#*x] -> [    0xfb24]
[%10.*x] -> [      fb24]
[%#10.*x] -> [    0xfb24]
[%*.*x] -> [    00fb24]
[%#*.*x] -> [  0x00fb24]
[%x] -> [0]
[%8x] -> [       0]
[%-8x] -> [0       ]
[%1x] -> [0]
[%-32x] -> [0                               ]
[%8.4x] -> [    0000]
[%-8.6x] -> [000000  ]
[%1.6x] -> [000000]
[%-32.6x] -> [000000                          ]
[%08x] -> [00000000]
[%010.5x] -> [     00000]
[%#x] -> [0]
[%#8x] -> [       0]
[%#-8x] -> [0       ]
[%#1x] -> [0]
[%#-32x] -> [0                               ]
[%#8.4x] -> [    0000]
[%#-8.6x] -> [000000  ]
[%#1.6x] -> [000000]
[%#-32.6x] -> [000000                          ]
[%#08x] -> [00000000]
[%#010.5x] -> [     00000]
[%*x] -> [         0]
[%#*x] -> [         0]
[%10.*x] -> [      0000]
[%#10.*x] -> [      0000]
[%*.*x] -> [    000000]
[%#*.*x] -> [    000000]
[%o] -> [42]
[%8o] -> [      42]
[%-8o] -> [42      ]
[%1o] -> [42]
[%-32o] -> [42                              ]
[%8.4o] -> [    0042]
[%-8.6o] -> [000042  ]
[%1.6o] -> [000042]
[%-32.6o] -> [000042                          ]
[%08o] -> [00000042]
[%010.5o] -> [     00042]
[%#o] -> [042]
[%#8o] -> [     042]
[%#-8o] -> [042     ]
[%#1o] -> [042]
[%#-32o] -> [042                             ]
[%#8.4o] -> [    0042]
[%#-8.6o] -> [000042  ]
[%#1.6o] -> [000042]
[%#-32.6o] -> [000042                          ]
[%#08o] -> [00000042]
[%#010.5o] -> [     00042]
[%*o] -> [        42]
[%#*o] -> [       042]
[%10.*o] -> [      0042]
[%#10.*o] -> [      0042]
[%*.*o] -> [    000042]
[%#*.*o] -> [    000042]
[%o] -> [175444]
[%8o] -> [  175444]
[%-8o] -> [175444  ]
[%1o] -> [175444]
[%-32o] -> [175444                          ]
[%8.4o] -> [  175444]
[%-8.6o] -> [175444  ]
[%1.6o] -> [175444]
[%-32.6o] -> [175444                          ]
[%08o] -> [00175444]
[%010.5o] -> [    175444]
[%#o] -> [0175444]
[%#8o] -> [ 0175444]
[%#-8o] -> [0175444 ]
[%#1o] -> [0175444]
[%#-32o] -> [0175444                         ]
[%#8.4o] -> [ 0175444]
[%#-8.6o] -> [0175444 ]
[%#1.6o] -> [0175444]
[%#-32.6o] -> [0175444                         ]
[%#08o] -> [00175444]
[%#010.5o] -> [   0175444]
[%*o] -> [    175444]
[%#*o] -> [   0175444]
[%10.*o] -> [    175444]
[%#10.*o] -> [   0175444]
[%*.*o] -> [    175444]
[%#*.*o] -> [   0175444]
[%o] -> [0]
[%8o] -> [       0]
[%-8o] -> [0       ]
[%1o] -> [0]
[%-32o] -> [0                               ]
[%8.4o] -> [    0000]
[%-8.6o] -> [000000  ]
[%1.6o] -> [000000]
[%-32.6o] -> [000000                          ]
[%08o] -> [00000000]
[%010.5o] -> [     00000]
[%#o] -> [0]
[%#8o] -> [       0]
[%#-8o] -> [0       ]
[%#1o] -> [0]
[%#-32o] -> [0                               ]
[%#8.4o] -> [    0000]
[%#-8.6o] -> [000000  ]
[%#1.6o] -> [000000]
[%#-32.6o] -> [000000                          ]
[%#08o] -> [00000000]
[%#010.5o] -> [     00000]
[%*o] -> [         0]
[%#*o] -> [         0]
[%10.*o] -> [      0000]
[%#10.*o] -> [      0000]
[%*.*o] -> [    000000]
[%#*.*o] -> [    000000]
[%X] -> [22]
[%8X] -> [      22]
[%-8X] -> [22      ]
[%1X] -> [22]
[%-32X] -> [22                              ]
[%8.4X] -> [    0022]
[%-8.6X] -> [000022  ]
[%1.6X] -> [000022]
[%-32.6X] -> [000022                          ]
[%08X] -> [00000022]
[%010.5X] -> [     00022]
[%#X] -> [0X22]
[%#8X] -> [    0X22]
[%#-8X] -> [0X22    ]
[%#1X] -> [0X22]
[%#-32X] -> [0X22                            ]
[%#8.4X] -> [  0X0022]
[%#-8.6X] -> [0X000022]
[%#1.6X] -> [0X000022]
[%#-32.6X] -> [0X000022                        ]
[%#08X] -> [0X000022]
[%#010.5X] -> [   0X00022]
[%*X] -> [        22]
[%#*X] -> [      0X22]
[%10.*X] -> [      0022]
[%#10.*X] -> [    0X0022]
[%*.*X] -> [    000022]
[%#*.*X] -> [  0X000022]
[%X] -> [FB24]
[%8X] -> [    FB24]
[%-8X] -> [FB24    ]
[%1X] -> [FB24]
[%-32X] -> [FB24                            ]
[%8.4X] -> [    FB24]
[%-8.6X] -> [00FB24  ]
[%1.6X] -> [00FB24]
[%-32.6X] -> [00FB24                          ]
[%08X] -> [0000FB24]
[%010.5X] -> [     0FB24]
[%#X] -> [0XFB24]
[%#8X] -> [  0XFB24]
[%#-8X] -> [0XFB24  ]
[%#1X] -> [0XFB24]
[%#-32X] -> [0XFB24                          ]
[%#8.4X] -> [  0XFB24]
[%#-8.6X] -> [0X00FB24]
[%#1.6X] -> [0X00FB24]
[%#-32.6X] -> [0X00FB24                        ]
[%#08X] -> [0X00FB24]
[%#010.5X] -> [   0X0FB24]
[%*X] -> [      FB24]
[%#*X] -> [    0XFB24]
[%10.*X] -> [      FB24]
[%#10.*X] -> [    0XFB24]
[%*.*X] -> [    00FB24]
[%#*.*X] -> [  0X00FB24]
[%X] -> [0]
[%8X] -> [       0]
[%-8X] -> [0       ]
[%1X] -> [0]
[%-32X] -> [0                               ]
[%8.4X] -> [    0000]
[%-8.6X] -> [000000  ]
[%1.6X] -> [000000]
[%-32.6X] -> [000000                          ]
[%08X] -> [00000000]
[%010.5X] -> [     00000]
[%#X] -> [0]
[%#8X] -> [       0]
[%#-8X] -> [0       ]
[%#1X] -> [0]
[%#-32X] -> [0                               ]
[%#8.4X] -> [    0000]
[%#-8.6X] -> [000000  ]
[%#1.6X] -> [000000]
[%#-32.6X] -> [000000                          ]
[%#08X] -> [00000000]
[%#010.5X] -> [     00000]
[%*X] -> [         0]
[%#*X] -> [         0]
[%10.*X] -> [      0000]
[%#10.*X] -> [      0000]
[%*.*X] -> [    000000]
[%#*.*X] -> [    000000]
[%ld] -> [34]
[%8ld] -> [      34]
[%-8ld] -> [34      ]
[%1ld] -> [34]
[%-32ld] -> [34                              ]
[%8.4ld] -> [    0034]
[%-8.6ld] -> [000034  ]
[%1.6ld] -> [000034]
[%-32.6ld] -> [000034                          ]
[%08ld] -> [00000034]
[%010.5ld] -> [     00034]
[%+ld] -> [+34]
[%+8ld] -> [     +34]
[%+-8ld] -> [+34     ]
[%+1ld] -> [+34]
[%+-32ld] -> [+34                             ]
[%+8.4ld] -> [   +0034]
[%+-8.6ld] -> [+000034 ]
[%+1.6ld] -> [+000034]
[%+-32.6ld] -> [+000034                         ]
[%+08ld] -> [+0000034]
[%+010.5ld] -> [    +00034]
[%*ld] -> [        34]
[%+*ld] -> [       +34]
[%10.*ld] -> [      0034]
[%+10.*ld] -> [     +0034]
[%*.*ld] -> [    000034]
[%+*.*ld] -> [   +000034]
[%ld] -> [-1244]
[%8ld] -> [   -1244]
[%-8ld] -> [-1244   ]
[%1ld] -> [-1244]
[%-32ld] -> [-1244                           ]
[%8.4ld] -> [   -1244]
[%-8.6ld] -> [-001244 ]
[%1.6ld] -> [-001244]
[%-32.6ld] -> [-001244                         ]
[%08ld] -> [-0001244]
[%010.5ld] -> [    -01244]
[%+ld] -> [-1244]
[%+8ld] -> [   -1244]
[%+-8ld] -> [-1244   ]
[%+1ld] -> [-1244]
[%+-32ld] -> [-1244                           ]
[%+8.4ld] -> [   -1244]
[%+-8.6ld] -> [-001244 ]
[%+1.6ld] -> [-001244]
[%+-32.6ld] -> [-001244                         ]
[%+08ld] -> [-0001244]
[%+010.5ld] -> [    -01244]
[%*ld] -> [     -1244]
[%+*ld] -> [     -1244]
[%10.*ld] -> [     -1244]
[%+10.*ld] -> [     -1244]
[%*.*ld] -> [   -001244]
[%+*.*ld] -> [   -001244]
[%ld] -> [0]
[%8ld] -> [       0]
[%-8ld] -> [0       ]
[%1ld] -> [0]
[%-32ld] -> [0                               ]
[%8.4ld] -> [    0000]
[%-8.6ld] -> [000000  ]
[%1.6ld] -> [000000]
[%-32.6ld] -> [000000                          ]
[%08ld] -> [00000000]
[%010.5ld] -> [     00000]
[%+ld] -> [+0]
[%+8ld] -> [      +0]
[%+-8ld] -> [+0      ]
[%+1ld] -> [+0]
[%+-32ld] -> [+0                              ]
[%+8.4ld] -> [   +0000]
[%+-8.6ld] -> [+000000 ]
[%+1.6ld] -> [+000000]
[%+-32.6ld] -> [+000000                         ]
[%+08ld] -> [+0000000]
[%+010.5ld] -> [    +00000]
[%*ld] -> [         0]
[%+*ld] -> [        +0]
[%10.*ld] -> [      0000]
[%+10.*ld] -> [     +0000]
[%*.*ld] -> [    000000]
[%+*.*ld] -> [   +000000]
[%lu] -> [34]
[%8lu] -> [      34]
[%-8lu] -> [34      ]
[%1lu] -> [34]
[%-32lu] -> [34                              ]
[%8.4lu] -> [    0034]
[%-8.6lu] -> [000034  ]
[%1.6lu] -> [000034]
[%-32.6lu] -> [000034                          ]
[%08lu] -> [00000034]
[%010.5lu] -> [     00034]
[%#lu] -> [34]
[%#8lu] -> [      34]
[%#-8lu] -> [34      ]
[%#1lu] -> [34]
[%#-32lu] -> [34                              ]
[%#8.4lu] -> [    0034]
[%#-8.6lu] -> [000034  ]
[%#1.6lu] -> [000034]
[%#-32.6lu] -> [000034                          ]
[%#08lu] -> [00000034]
[%#010.5lu] -> [     00034]
[%*lu] -> [        34]
[%#*lu] -> [        34]
[%10.*lu] -> [      0034]
[%#10.*lu] -> [      0034]
[%*.*lu] -> [    000034]
[%#*.*lu] -> [    000034]
[%lu] -> [4294966052]
[%8lu] -> [4294966052]
[%-8lu] -> [4294966052]
[%1lu] -> [4294966052]
[%-32lu] -> [4294966052                      ]
[%8.4lu] -> [4294966052]
[%-8.6lu] -> [4294966052]
[%1.6lu] -> [4294966052]
[%-32.6lu] -> [4294966052                      ]
[%08lu] -> [4294966052]
[%010.5lu] -> [4294966052]
[%#lu] -> [4294966052]
[%#8lu] -> [4294966052]
[%#-8lu] -> [4294966052]
[%#1lu] -> [4294966052]
[%#-32lu] -> [4294966052                      ]
[%#8.4lu] -> [4294966052]
[%#-8.6lu] -> [4294966052]
[%#1.6lu] -> [4294966052]
[%#-32.6lu] -> [4294966052                      ]
[%#08lu] -> [4294966052]
[%#010.5lu] -> [4294966052]
[%*lu] -> [4294966052]
[%#*lu] -> [4294966052]
[%10.*lu] -> [4294966052]
[%#10.*lu] -> [4294966052]
[%*.*lu] -> [4294966052]
[%#*.*lu] -> [4294966052]
[%lu] -> [0]
[%8lu] -> [       0]
[%-8lu] -> [0       ]
[%1lu] -> [0]
[%-32lu] -> [0                               ]
[%8.4lu] -> [    0000]
[%-8.6lu] -> [000000  ]
[%1.6lu] -> [000000]
[%-32.6lu] -> [000000                          ]
[%08lu] -> [00000000]
[%010.5lu] -> [     00000]
[%#lu] -> [0]
[%#8lu] -> [       0]
[%#-8lu] -> [0       ]
[%#1lu] -> [0]
[%#-32lu] -> [0                               ]
[%#8.4lu] -> [    0000]
[%#-8.6lu] -> [000000  ]
[%#1.6lu] -> [000000]
[%#-32.6lu] -> [000000                          ]
[%#08lu] -> [00000000]
[%#010.5lu] -> [     00000]
[%*lu] -> [         0]
[%#*lu] -> [         0]
[%10.*lu] -> [      0000]
[%#10.*lu] -> [      0000]
[%*.*lu] -> [    000000]
[%#*.*lu] -> [    000000]
[%lx] -> [22]
[%8lx] -> [      22]
[%-8lx] -> [22      ]
[%1lx] -> [22]
[%-32lx] -> [22                              ]
[%8.4lx] -> [    0022]
[%-8.6lx] -> [000022  ]
[%1.6lx] -> [000022]
[%-32.6lx] -> [000022                          ]
[%08lx] -> [00000022]
[%010.5lx] -> [     00022]
[%#lx] -> [0x22]
[%#8lx] -> [    0x22]
[%#-8lx] -> [0x22    ]
[%#1lx] -> [0x22]
[%#-32lx] -> [0x22                            ]
[%#8.4lx] -> [  0x0022]
[%#-8.6lx] -> [0x000022]
[%#1.6lx] -> [0x000022]
[%#-32.6lx] -> [0x000022                        ]
[%#08lx] -> [0x000022]
[%#010.5lx] -> [   0x00022]
[%*lx] -> [        22]
[%#*lx] -> [      0x22]
[%10.*lx] -> [      0022]
[%#10.*lx] -> [    0x0022]
[%*.*lx] -> [    000022]
[%#*.*lx] -> [  0x000022]
[%lx] -> [fffffb24]
[%8lx] -> [fffffb24]
[%-8lx] -> [fffffb24]
[%1lx] -> [fffffb24]
[%-32lx] -> [fffffb24                        ]
[%8.4lx] -> [fffffb24]
[%-8.6lx] -> [fffffb24]
[%1.6lx] -> [fffffb24]
[%-32.6lx] -> [fffffb24                        ]
[%08lx] -> [fffffb24]
[%010.5lx] -> [  fffffb24]
[%#lx] -> [0xfffffb24]
[%#8lx] -> [0xfffffb24]
[%#-8lx] -> [0xfffffb24]
[%#1lx] -> [0xfffffb24]
[%#-32lx] -> [0xfffffb24                      ]
[%#8.4lx] -> [0xfffffb24]
[%#-8.6lx] -> [0xfffffb24]
[%#1.6lx] -> [0xfffffb24]
[%#-32.6lx] -> [0xfffffb24                      ]
[%#08lx] -> [0xfffffb24]
[%#010.5lx] -> [0xfffffb24]
[%*lx] -> [  fffffb24]
[%#*lx] -> [0xfffffb24]
[%10.*lx] -> [  fffffb24]
[%#10.*lx] -> [0xfffffb24]
[%*.*lx] -> [  fffffb24]
[%#*.*lx] -> [0xfffffb24]
[%lx] -> [0]
[%8lx] -> [       0]
[%-8lx] -> [0       ]
[%1lx] -> [0]
[%-32lx] -> [0                               ]
[%8.4lx] -> [    0000]
[%-8.6lx] -> [000000  ]
[%1.6lx] -> [000000]
[%-32.6lx] -> [000000                          ]
[%08lx] -> [00000000]
[%010.5lx] -> [     00000]
[%#lx] -> [0]
[%#8lx] -> [       0]
[%#-8lx] -> [0       ]
[%#1lx] -> [0]
[%#-32lx] -> [0                               ]
[%#8.4lx] -> [    0000]
[%#-8.6lx] -> [000000  ]
[%#1.6lx] -> [000000]
[%#-32.6lx] -> [000000                          ]
[%#08lx] -> [00000000]
[%#010.5lx] -> [     00000]
[%*lx] -> [         0]
[%#*lx] -> [         0]
[%10.*lx] -> [      0000]
[%#10.*lx] -> [      0000]
[%*.*lx] -> [    000000]
[%#*.*lx] -> [    000000]
[%lo] -> [42]
[%8lo] -> [      42]
[%-8lo] -> [42      ]
[%1lo] -> [42]
[%-32lo] -> [42                              ]
[%8.4lo] -> [    0042]
[%-8.6lo] -> [000042  ]
[%1.6lo] -> [000042]
[%-32.6lo] -> [000042                          ]
[%08lo] -> [00000042]
[%010.5lo] -> [     00042]
[%#lo] -> [042]
[%#8lo] -> [     042]
[%#-8lo] -> [042     ]
[%#1lo] -> [042]
[%#-32lo] -> [042                             ]
[%#8.4lo] -> [    0042]
[%#-8.6lo] -> [000042  ]
[%#1.6lo] -> [000042]
[%#-32.6lo] -> [000042                          ]
[%#08lo] -> [00000042]
[%#010.5lo] -> [     00042]
[%*lo] -> [        42]
[%#*lo] -> [       042]
[%10.*lo] -> [      0042]
[%#10.*lo] -> [      0042]
[%*.*lo] -> [    000042]
[%#*.*lo] -> [    000042]
[%lo] -> [37777775444]
[%8lo] -> [37777775444]
[%-8lo] -> [37777775444]
[%1lo] -> [37777775444]
[%-32lo] -> [37777775444                     ]
[%8.4lo] -> [37777775444]
[%-8.6lo] -> [37777775444]
[%1.6lo] -> [37777775444]
[%-32.6lo] -> [37777775444                     ]
[%08lo] -> [37777775444]
[%010.5lo] -> [37777775444]
[%#lo] -> [037777775444]
[%#8lo] -> [037777775444]
[%#-8lo] -> [037777775444]
[%#1lo] -> [037777775444]
[%#-32lo] -> [037777775444                    ]
[%#8.4lo] -> [037777775444]
[%#-8.6lo] -> [037777775444]
[%#1.6lo] -> [037777775444]
[%#-32.6lo] -> [037777775444                    ]
[%#08lo] -> [037777775444]
[%#010.5lo] -> [037777775444]
[%*lo] -> [37777775444]
[%#*lo] -> [037777775444]
[%10.*lo] -> [37777775444]
[%#10.*lo] -> [037777775444]
[%*.*lo] -> [37777775444]
[%#*.*lo] -> [037777775444]
[%lo] -> [0]
[%8lo] -> [       0]
[%-8lo] -> [0       ]
[%1lo] -> [0]
[%-32lo] -> [0                               ]
[%8.4lo] -> [    0000]
[%-8.6lo] -> [000000  ]
[%1.6lo] -> [000000]
[%-32.6lo] -> [000000                          ]
[%08lo] -> [00000000]
[%010.5lo] -> [     00000]
[%#lo] -> [0]
[%#8lo] -> [       0]
[%#-8lo] -> [0       ]
[%#1lo] -> [0]
[%#-32lo] -> [0                               ]
[%#8.4lo] -> [    0000]
[%#-8.6lo] -> [000000  ]
[%#1.6lo] -> [000000]
[%#-32.6lo] -> [000000                          ]
[%#08lo] -> [00000000]
[%#010.5lo] -> [     00000]
[%*lo] -> [         0]
[%#*lo] -> [         0]
[%10.*lo] -> [      0000]
[%#10.*lo] -> [      0000]
[%*.*lo] -> [    000000]
[%#*.*lo] -> [    000000]
[%lX] -> [22]
[%8lX] -> [      22]
[%-8lX] -> [22      ]
[%1lX] -> [22]
[%-32lX] -> [22                              ]
[%8.4lX] -> [    0022]
[%-8.6lX] -> [000022  ]
[%1.6lX] -> [000022]
[%-32.6lX] -> [000022                          ]
[%08lX] -> [00000022]
[%010.5lX] -> [     00022]
[%#lX] -> [0X22]
[%#8lX] -> [    0X22]
[%#-8lX] -> [0X22    ]
[%#1lX] -> [0X22]
[%#-32lX] -> [0X22                            ]
[%#8.4lX] -> [  0X0022]
[%#-8.6lX] -> [0X000022]
[%#1.6lX] -> [0X000022]
[%#-32.6lX] -> [0X000022                        ]
[%#08lX] -> [0X000022]
[%#010.5lX] -> [   0X00022]
[%*lX] -> [        22]
[%#*lX] -> [      0X22]
[%10.*lX] -> [      0022]
[%#10.*lX] -> [    0X0022]
[%*.*lX] -> [    000022]
[%#*.*lX] -> [  0X000022]
[%lX] -> [FFFFFB24]
[%8lX] -> [FFFFFB24]
[%-8lX] -> [FFFFFB24]
[%1lX] -> [FFFFFB24]
[%-32lX] -> [FFFFFB24                        ]
[%8.4lX] -> [FFFFFB24]
[%-8.6lX] -> [FFFFFB24]
[%1.6lX] -> [FFFFFB24]
[%-32.6lX] -> [FFFFFB24                        ]
[%08lX] -> [FFFFFB24]
[%010.5lX] -> [  FFFFFB24]
[%#lX] -> [0XFFFFFB24]
[%#8lX] -> [0XFFFFFB24]
[%#-8lX] -> [0XFFFFFB24]
[%#1lX] -> [0XFFFFFB24]
[%#-32lX] -> [0XFFFFFB24                      ]
[%#8.4lX] -> [0XFFFFFB24]
[%#-8.6lX] -> [0XFFFFFB24]
[%#1.6lX] -> [0XFFFFFB24]
[%#-32.6lX] -> [0XFFFFFB24                      ]
[%#08lX] -> [0XFFFFFB24]
[%#010.5lX] -> [0XFFFFFB24]
[%*lX] -> [  FFFFFB24]
[%#*lX] -> [0XFFFFFB24]
[%10.*lX] -> [  FFFFFB24]
[%#10.*lX] -> [0XFFFFFB24]
[%*.*lX] -> [  FFFFFB24]
[%#*.*lX] -> [0XFFFFFB24]
[%lX] -> [0]
[%8lX] -> [       0]
[%-8lX] -> [0       ]
[%1lX] -> [0]
[%-32lX] -> [0                               ]
[%8.4lX] -> [    0000]
[%-8.6lX] -> [000000  ]
[%1.6lX] -> [000000]
[%-32.6lX] -> [000000                          ]
[%08lX] -> [00000000]
[%010.5lX] -> [     00000]
[%#lX] -> [0]
[%#8lX] -> [       0]
[%#-8lX] -> [0       ]
[%#1lX] -> [0]
[%#-32lX] -> [0                               ]
[%#8.4lX] -> [    0000]
[%#-8.6lX] -> [000000  ]
[%#1.6lX] -> [000000]
[%#-32.6lX] -> [000000                          ]
[%#08lX] -> [00000000]
[%#010.5lX] -> [     00000]
[%*lX] -> [         0]
[%#*lX] -> [         0]
[%10.*lX] -> [      0000]
[%#10.*lX] -> [      0000]
[%*.*lX] -> [    000000]
[%#*.*lX] -> [    000000]
[%e] -> [1.047199e+00]
[%8e] -> [1.047199e+00]
[%-8e] -> [1.047199e+00]
[%1e] -> [1.047199e+00]
[%-32e] -> [1.047199e+00                    ]
[%8.4e] -> [1.0472e+00]
[%-8.6e] -> [1.047199e+00]
[%1.6e] -> [1.047199e+00]
[%-32.6e] -> [1.047199e+00                    ]
[%08e] -> [1.047199e+00]
[%010.5e] -> [1.04720e+00]
[%+e] -> [+1.047199e+00]
[%+8e] -> [+1.047199e+00]
[%+-8e] -> [+1.047199e+00]
[%+1e] -> [+1.047199e+00]
[%+-32e] -> [+1.047199e+00                   ]
[%+8.4e] -> [+1.0472e+00]
[%+-8.6e] -> [+1.047199e+00]
[%+1.6e] -> [+1.047199e+00]
[%+-32.6e] -> [+1.047199e+00                   ]
[%+08e] -> [+1.047199e+00]
[%+010.5e] -> [+1.04720e+00]
[%*e] -> [1.047199e+00]
[%+*e] -> [+1.047199e+00]
[%10.*e] -> [1.0472e+00]
[%+10.*e] -> [+1.0472e+00]
[%*.*e] -> [1.047199e+00]
[%+*.*e] -> [+1.047199e+00]
[%e] -> [-7.330392e+00]
[%8e] -> [-7.330392e+00]
[%-8e] -> [-7.330392e+00]
[%1e] -> [-7.330392e+00]
[%-32e] -> [-7.330392e+00                   ]
[%8.4e] -> [-7.3304e+00]
[%-8.6e] -> [-7.330392e+00]
[%1.6e] -> [-7.330392e+00]
[%-32.6e] -> [-7.330392e+00                   ]
[%08e] -> [-7.330392e+00]
[%010.5e] -> [-7.33039e+00]
[%+e] -> [-7.330392e+00]
[%+8e] -> [-7.330392e+00]
[%+-8e] -> [-7.330392e+00]
[%+1e] -> [-7.330392e+00]
[%+-32e] -> [-7.330392e+00                   ]
[%+8.4e] -> [-7.3304e+00]
[%+-8.6e] -> [-7.330392e+00]
[%+1.6e] -> [-7.330392e+00]
[%+-32.6e] -> [-7.330392e+00                   ]
[%+08e] -> [-7.330392e+00]
[%+010.5e] -> [-7.33039e+00]
[%*e] -> [-7.330392e+00]
[%+*e] -> [-7.330392e+00]
[%10.*e] -> [-7.3304e+00]
[%+10.*e] -> [-7.3304e+00]
[%*.*e] -> [-7.330392e+00]
[%+*.*e] -> [-7.330392e+00]
[%e] -> [0.000000e+00]
[%8e] -> [0.000000e+00]
[%-8e] -> [0.000000e+00]
[%1e] -> [0.000000e+00]
[%-32e] -> [0.000000e+00                    ]
[%8.4e] -> [0.0000e+00]
[%-8.6e] -> [0.000000e+00]
[%1.6e] -> [0.000000e+00]
[%-32.6e] -> [0.000000e+00                    ]
[%08e] -> [0.000000e+00]
[%010.5e] -> [0.00000e+00]
[%+e] -> [+0.000000e+00]
[%+8e] -> [+0.000000e+00]
[%+-8e] -> [+0.000000e+00]
[%+1e] -> [+0.000000e+00]
[%+-32e] -> [+0.000000e+00                   ]
[%+8.4e] -> [+0.0000e+00]
[%+-8.6e] -> [+0.000000e+00]
[%+1.6e] -> [+0.000000e+00]
[%+-32.6e] -> [+0.000000e+00                   ]
[%+08e] -> [+0.000000e+00]
[%+010.5e] -> [+0.00000e+00]
[%*e] -> [0.000000e+00]
[%+*e] -> [+0.000000e+00]
[%10.*e] -> [0.0000e+00]
[%+10.*e] -> [+0.0000e+00]
[%*.*e] -> [0.000000e+00]
[%+*.*e] -> [+0.000000e+00]
[%e] -> [1.047199e+18]
[%8e] -> [1.047199e+18]
[%-8e] -> [1.047199e+18]
[%1e] -> [1.047199e+18]
[%-32e] -> [1.047199e+18                    ]
[%8.4e] -> [1.0472e+18]
[%-8.6e] -> [1.047199e+18]
[%1.6e] -> [1.047199e+18]
[%-32.6e] -> [1.047199e+18                    ]
[%08e] -> [1.047199e+18]
[%010.5e] -> [1.04720e+18]
[%+e] -> [+1.047199e+18]
[%+8e] -> [+1.047199e+18]
[%+-8e] -> [+1.047199e+18]
[%+1e] -> [+1.047199e+18]
[%+-32e] -> [+1.047199e+18                   ]
[%+8.4e] -> [+1.0472e+18]
[%+-8.6e] -> [+1.047199e+18]
[%+1.6e] -> [+1.047199e+18]
[%+-32.6e] -> [+1.047199e+18                   ]
[%+08e] -> [+1.047199e+18]
[%+010.5e] -> [+1.04720e+18]
[%*e] -> [1.047199e+18]
[%+*e] -> [+1.047199e+18]
[%10.*e] -> [1.0472e+18]
[%+10.*e] -> [+1.0472e+18]
[%*.*e] -> [1.047199e+18]
[%+*.*e] -> [+1.047199e+18]
[%e] -> [1.047199e-23]
[%8e] -> [1.047199e-23]
[%-8e] -> [1.047199e-23]
[%1e] -> [1.047199e-23]
[%-32e] -> [1.047199e-23                    ]
[%8.4e] -> [1.0472e-23]
[%-8.6e] -> [1.047199e-23]
[%1.6e] -> [1.047199e-23]
[%-32.6e] -> [1.047199e-23                    ]
[%08e] -> [1.047199e-23]
[%010.5e] -> [1.04720e-23]
[%+e] -> [+1.047199e-23]
[%+8e] -> [+1.047199e-23]
[%+-8e] -> [+1.047199e-23]
[%+1e] -> [+1.047199e-23]
[%+-32e] -> [+1.047199e-23                   ]
[%+8.4e] -> [+1.0472e-23]
[%+-8.6e] -> [+1.047199e-23]
[%+1.6e] -> [+1.047199e-23]
[%+-32.6e] -> [+1.047199e-23                   ]
[%+08e] -> [+1.047199e-23]
[%+010.5e] -> [+1.04720e-23]
[%*e] -> [1.047199e-23]
[%+*e] -> [+1.047199e-23]
[%10.*e] -> [1.0472e-23]
[%+10.*e] -> [+1.0472e-23]
[%*.*e] -> [1.047199e-23]
[%+*.*e] -> [+1.047199e-23]
[%f] -> [1.047199]
[%8f] -> [1.047199]
[%-8f] -> [1.047199]
[%1f] -> [1.047199]
[%-32f] -> [1.047199                        ]
[%8.4f] -> [  1.0472]
[%-8.6f] -> [1.047199]
[%1.6f] -> [1.047199]
[%-32.6f] -> [1.047199                        ]
[%08f] -> [1.047199]
[%010.5f] -> [0001.04720]
[%+f] -> [+1.047199]
[%+8f] -> [+1.047199]
[%+-8f] -> [+1.047199]
[%+1f] -> [+1.047199]
[%+-32f] -> [+1.047199                       ]
[%+8.4f] -> [ +1.0472]
[%+-8.6f] -> [+1.047199]
[%+1.6f] -> [+1.047199]
[%+-32.6f] -> [+1.047199                       ]
[%+08f] -> [+1.047199]
[%+010.5f] -> [+001.04720]
[%*f] -> [  1.047199]
[%+*f] -> [ +1.047199]
[%10.*f] -> [    1.0472]
[%+10.*f] -> [   +1.0472]
[%*.*f] -> [  1.047199]
[%+*.*f] -> [ +1.047199]
[%f] -> [-7.330392]
[%8f] -> [-7.330392]
[%-8f] -> [-7.330392]
[%1f] -> [-7.330392]
[%-32f] -> [-7.330392                       ]
[%8.4f] -> [ -7.3304]
[%-8.6f] -> [-7.330392]
[%1.6f] -> [-7.330392]
[%-32.6f] -> [-7.330392                       ]
[%08f] -> [-7.330392]
[%010.5f] -> [-007.33039]
[%+f] -> [-7.330392]
[%+8f] -> [-7.330392]
[%+-8f] -> [-7.330392]
[%+1f] -> [-7.330392]
[%+-32f] -> [-7.330392                       ]
[%+8.4f] -> [ -7.3304]
[%+-8.6f] -> [-7.330392]
[%+1.6f] -> [-7.330392]
[%+-32.6f] -> [-7.330392                       ]
[%+08f] -> [-7.330392]
[%+010.5f] -> [-007.33039]
[%*f] -> [ -7.330392]
[%+*f] -> [ -7.330392]
[%10.*f] -> [   -7.3304]
[%+10.*f] -> [   -7.3304]
[%*.*f] -> [ -7.330392]
[%+*.*f] -> [ -7.330392]
[%f] -> [0.000000]
[%8f] -> [0.000000]
[%-8f] -> [0.000000]
[%1f] -> [0.000000]
[%-32f] -> [0.000000                        ]
[%8.4f] -> [  0.0000]
[%-8.6f] -> [0.000000]
[%1.6f] -> [0.000000]
[%-32.6f] -> [0.000000                        ]
[%08f] -> [0.000000]
[%010.5f] -> [0000.00000]
[%+f] -> [+0.000000]
[%+8f] -> [+0.000000]
[%+-8f] -> [+0.000000]
[%+1f] -> [+0.000000]
[%+-32f] -> [+0.000000                       ]
[%+8.4f] -> [ +0.0000]
[%+-8.6f] -> [+0.000000]
[%+1.6f] -> [+0.000000]
[%+-32.6f] -> [+0.000000                       ]
[%+08f] -> [+0.000000]
[%+010.5f] -> [+000.00000]
[%*f] -> [  0.000000]
[%+*f] -> [ +0.000000]
[%10.*f] -> [    0.0000]
[%+10.*f] -> [   +0.0000]
[%*.*f] -> [  0.000000]
[%+*.*f] -> [ +0.000000]
[%f] -> [1047198850000000000.000000]
[%8f] -> [1047198850000000000.000000]
[%-8f] -> [1047198850000000000.000000]
[%1f] -> [1047198850000000000.000000]
[%-32f] -> [1047198850000000000.000000      ]
[%8.4f] -> [1047198850000000000.0000]
[%-8.6f] -> [1047198850000000000.000000]
[%1.6f] -> [1047198850000000000.000000]
[%-32.6f] -> [1047198850000000000.000000      ]
[%08f] -> [1047198850000000000.000000]
[%010.5f] -> [1047198850000000000.00000]
[%+f] -> [+1047198850000000000.000000]
[%+8f] -> [+1047198850000000000.000000]
[%+-8f] -> [+1047198850000000000.000000]
[%+1f] -> [+1047198850000000000.000000]
[%+-32f] -> [+1047198850000000000.000000     ]
[%+8.4f] -> [+1047198850000000000.0000]
[%+-8.6f] -> [+1047198850000000000.000000]
[%+1.6f] -> [+1047198850000000000.000000]
[%+-32.6f] -> [+1047198850000000000.000000     ]
[%+08f] -> [+1047198850000000000.000000]
[%+010.5f] -> [+1047198850000000000.00000]
[%*f] -> [1047198850000000000.000000]
[%+*f] -> [+1047198850000000000.000000]
[%10.*f] -> [1047198850000000000.0000]
[%+10.*f] -> [+1047198850000000000.0000]
[%*.*f] -> [1047198850000000000.000000]
[%+*.*f] -> [+1047198850000000000.000000]
[%f] -> [0.000000]
[%8f] -> [0.000000]
[%-8f] -> [0.000000]
[%1f] -> [0.000000]
[%-32f] -> [0.000000                        ]
[%8.4f] -> [  0.0000]
[%-8.6f] -> [0.000000]
[%1.6f] -> [0.000000]
[%-32.6f] -> [0.000000                        ]
[%08f] -> [0.000000]
[%010.5f] -> [0000.00000]
[%+f] -> [+0.000000]
[%+8f] -> [+0.000000]
[%+-8f] -> [+0.000000]
[%+1f] -> [+0.000000]
[%+-32f] -> [+0.000000                       ]
[%+8.4f] -> [ +0.0000]
[%+-8.6f] -> [+0.000000]
[%+1.6f] -> [+0.000000]
[%+-32.6f] -> [+0.000000                       ]
[%+08f] -> [+0.000000]
[%+010.5f] -> [+000.00000]
[%*f] -> [  0.000000]
[%+*f] -> [ +0.000000]
[%10.*f] -> [    0.0000]
[%+10.*f] -> [   +0.0000]
[%*.*f] -> [  0.000000]
[%+*.*f] -> [ +0.000000]
[%g] -> [1.0472]
[%8g] -> [  1.0472]
[%-8g] -> [1.0472  ]
[%1g] -> [1.0472]
[%-32g] -> [1.0472                          ]
[%8.4g] -> [   1.047]
[%-8.6g] -> [1.0472  ]
[%1.6g] -> [1.0472]
[%-32.6g] -> [1.0472                          ]
[%08g] -> [001.0472]
[%010.5g] -> [00001.0472]
[%+g] -> [+1.0472]
[%+8g] -> [ +1.0472]
[%+-8g] -> [+1.0472 ]
[%+1g] -> [+1.0472]
[%+-32g] -> [+1.0472                         ]
[%+8.4g] -> [  +1.047]
[%+-8.6g] -> [+1.0472 ]
[%+1.6g] -> [+1.0472]
[%+-32.6g] -> [+1.0472                         ]
[%+08g] -> [+01.0472]
[%+010.5g] -> [+0001.0472]
[%*g] -> [    1.0472]
[%+*g] -> [   +1.0472]
[%10.*g] -> [     1.047]
[%+10.*g] -> [    +1.047]
[%*.*g] -> [    1.0472]
[%+*.*g] -> [   +1.0472]
[%g] -> [-7.33039]
[%8g] -> [-7.33039]
[%-8g] -> [-7.33039]
[%1g] -> [-7.33039]
[%-32g] -> [-7.33039                        ]
[%8.4g] -> [   -7.33]
[%-8.6g] -> [-7.33039]
[%1.6g] -> [-7.33039]
[%-32.6g] -> [-7.33039                        ]
[%08g] -> [-7.33039]
[%010.5g] -> [-0007.3304]
[%+g] -> [-7.33039]
[%+8g] -> [-7.33039]
[%+-8g] -> [-7.33039]
[%+1g] -> [-7.33039]
[%+-32g] -> [-7.33039                        ]
[%+8.4g] -> [   -7.33]
[%+-8.6g] -> [-7.33039]
[%+1.6g] -> [-7.33039]
[%+-32.6g] -> [-7.33039                        ]
[%+08g] -> [-7.33039]
[%+010.5g] -> [-0007.3304]
[%*g] -> [  -7.33039]
[%+*g] -> [  -7.33039]
[%10.*g] -> [     -7.33]
[%+10.*g] -> [     -7.33]
[%*.*g] -> [  -7.33039]
[%+*.*g] -> [  -7.33039]
[%g] -> [0]
[%8g] -> [       0]
[%-8g] -> [0       ]
[%1g] -> [0]
[%-32g] -> [0                               ]
[%8.4g] -> [       0]
[%-8.6g] -> [0       ]
[%1.6g] -> [0]
[%-32.6g] -> [0                               ]
[%08g] -> [00000000]
[%010.5g] -> [0000000000]
[%+g] -> [+0]
[%+8g] -> [      +0]
[%+-8g] -> [+0      ]
[%+1g] -> [+0]
[%+-32g] -> [+0                              ]
[%+8.4g] -> [      +0]
[%+-8.6g] -> [+0      ]
[%+1.6g] -> [+0]
[%+-32.6g] -> [+0                              ]
[%+08g] -> [+0000000]
[%+010.5g] -> [+000000000]
[%*g] -> [         0]
[%+*g] -> [        +0]
[%10.*g] -> [         0]
[%+10.*g] -> [        +0]
[%*.*g] -> [         0]
[%+*.*g] -> [        +0]
[%g] -> [1.0472e+18]
[%8g] -> [1.0472e+18]
[%-8g] -> [1.0472e+18]
[%1g] -> [1.0472e+18]
[%-32g] -> [1.0472e+18                      ]
[%8.4g] -> [1.047e+18]
[%-8.6g] -> [1.0472e+18]
[%1.6g] -> [1.0472e+18]
[%-32.6g] -> [1.0472e+18                      ]
[%08g] -> [1.0472e+18]
[%010.5g] -> [1.0472e+18]
[%+g] -> [+1.0472e+18]
[%+8g] -> [+1.0472e+18]
[%+-8g] -> [+1.0472e+18]
[%+1g] -> [+1.0472e+18]
[%+-32g] -> [+1.0472e+18                     ]
[%+8.4g] -> [+1.047e+18]
[%+-8.6g] -> [+1.0472e+18]
[%+1.6g] -> [+1.0472e+18]
[%+-32.6g] -> [+1.0472e+18                     ]
[%+08g] -> [+1.0472e+18]
[%+010.5g] -> [+1.0472e+18]
[%*g] -> [1.0472e+18]
[%+*g] -> [+1.0472e+18]
[%10.*g] -> [ 1.047e+18]
[%+10.*g] -> [+1.047e+18]
[%*.*g] -> [1.0472e+18]
[%+*.*g] -> [+1.0472e+18]
[%g] -> [1.0472e-23]
[%8g] -> [1.0472e-23]
[%-8g] -> [1.0472e-23]
[%1g] -> [1.0472e-23]
[%-32g] -> [1.0472e-23                      ]
[%8.4g] -> [1.047e-23]
[%-8.6g] -> [1.0472e-23]
[%1.6g] -> [1.0472e-23]
[%-32.6g] -> [1.0472e-23                      ]
[%08g] -> [1.0472e-23]
[%010.5g] -> [1.0472e-23]
[%+g] -> [+1.0472e-23]
[%+8g] -> [+1.0472e-23]
[%+-8g] -> [+1.0472e-23]
[%+1g] -> [+1.0472e-23]
[%+-32g] -> [+1.0472e-23                     ]
[%+8.4g] -> [+1.047e-23]
[%+-8.6g] -> [+1.0472e-23]
[%+1.6g] -> [+1.0472e-23]
[%+-32.6g] -> [+1.0472e-23                     ]
[%+08g] -> [+1.0472e-23]
[%+010.5g] -> [+1.0472e-23]
[%*g] -> [1.0472e-23]
[%+*g] -> [+1.0472e-23]
[%10.*g] -> [ 1.047e-23]
[%+10.*g] -> [+1.047e-23]
[%*.*g] -> [1.0472e-23]
[%+*.*g] -> [+1.0472e-23]
[%G] -> [1.0472]
[%8G] -> [  1.0472]
[%-8G] -> [1.0472  ]
[%1G] -> [1.0472]
[%-32G] -> [1.0472                          ]
[%8.4G] -> [   1.047]
[%-8.6G] -> [1.0472  ]
[%1.6G] -> [1.0472]
[%-32.6G] -> [1.0472                          ]
[%08G] -> [001.0472]
[%010.5G] -> [00001.0472]
[%+G] -> [+1.0472]
[%+8G] -> [ +1.0472]
[%+-8G] -> [+1.0472 ]
[%+1G] -> [+1.0472]
[%+-32G] -> [+1.0472                         ]
[%+8.4G] -> [  +1.047]
[%+-8.6G] -> [+1.0472 ]
[%+1.6G] -> [+1.0472]
[%+-32.6G] -> [+1.0472                         ]
[%+08G] -> [+01.0472]
[%+010.5G] -> [+0001.0472]
[%*G] -> [    1.0472]
[%+*G] -> [   +1.0472]
[%10.*G] -> [     1.047]
[%+10.*G] -> [    +1.047]
[%*.*G] -> [    1.0472]
[%+*.*G] -> [   +1.0472]
[%G] -> [-7.33039]
[%8G] -> [-7.33039]
[%-8G] -> [-7.33039]
[%1G] -> [-7.33039]
[%-32G] -> [-7.33039                        ]
[%8.4G] -> [   -7.33]
[%-8.6G] -> [-7.33039]
[%1.6G] -> [-7.33039]
[%-32.6G] -> [-7.33039                        ]
[%08G] -> [-7.33039]
[%010.5G] -> [-0007.3304]
[%+G] -> [-7.33039]
[%+8G] -> [-7.33039]
[%+-8G] -> [-7.33039]
[%+1G] -> [-7.33039]
[%+-32G] -> [-7.33039                        ]
[%+8.4G] -> [   -7.33]
[%+-8.6G] -> [-7.33039]
[%+1.6G] -> [-7.33039]
[%+-32.6G] -> [-7.33039                        ]
[%+08G] -> [-7.33039]
[%+010.5G] -> [-0007.3304]
[%*G] -> [  -7.33039]
[%+*G] -> [  -7.33039]
[%10.*G] -> [     -7.33]
[%+10.*G] -> [     -7.33]
[%*.*G] -> [  -7.33039]
[%+*.*G] -> [  -7.33039]
[%G] -> [0]
[%8G] -> [       0]
[%-8G] -> [0       ]
[%1G] -> [0]
[%-32G] -> [0                               ]
[%8.4G] -> [       0]
[%-8.6G] -> [0       ]
[%1.6G] -> [0]
[%-32.6G] -> [0                               ]
[%08G] -> [00000000]
[%010.5G] -> [0000000000]
[%+G] -> [+0]
[%+8G] -> [      +0]
[%+-8G] -> [+0      ]
[%+1G] -> [+0]
[%+-32G] -> [+0                              ]
[%+8.4G] -> [      +0]
[%+-8.6G] -> [+0      ]
[%+1.6G] -> [+0]
[%+-32.6G] -> [+0                              ]
[%+08G] -> [+0000000]
[%+010.5G] -> [+000000000]
[%*G] -> [         0]
[%+*G] -> [        +0]
[%10.*G] -> [         0]
[%+10.*G] -> [        +0]
[%*.*G] -> [         0]
[%+*.*G] -> [        +0]
[%G] -> [1.0472E+18]
[%8G] -> [1.0472E+18]
[%-8G] -> [1.0472E+18]
[%1G] -> [1.0472E+18]
[%-32G] -> [1.0472E+18                      ]
[%8.4G] -> [1.047E+18]
[%-8.6G] -> [1.0472E+18]
[%1.6G] -> [1.0472E+18]
[%-32.6G] -> [1.0472E+18                      ]
[%08G] -> [1.0472E+18]
[%010.5G] -> [1.0472E+18]
[%+G] -> [+1.0472E+18]
[%+8G] -> [+1.0472E+18]
[%+-8G] -> [+1.0472E+18]
[%+1G] -> [+1.0472E+18]
[%+-32G] -> [+1.0472E+18                     ]
[%+8.4G] -> [+1.047E+18]
[%+-8.6G] -> [+1.0472E+18]
[%+1.6G] -> [+1.0472E+18]
[%+-32.6G] -> [+1.0472E+18                     ]
[%+08G] -> [+1.0472E+18]
[%+010.5G] -> [+1.0472E+18]
[%*G] -> [1.0472E+18]
[%+*G] -> [+1.0472E+18]
[%10.*G] -> [ 1.047E+18]
[%+10.*G] -> [+1.047E+18]
[%*.*G] -> [1.0472E+18]
[%+*.*G] -> [+1.0472E+18]
[%G] -> [1.0472E-23]
[%8G] -> [1.0472E-23]
[%-8G] -> [1.0472E-23]
[%1G] -> [1.0472E-23]
[%-32G] -> [1.0472E-23                      ]
[%8.4G] -> [1.047E-23]
[%-8.6G] -> [1.0472E-23]
[%1.6G] -> [1.0472E-23]
[%-32.6G] -> [1.0472E-23                      ]
[%08G] -> [1.0472E-23]
[%010.5G] -> [1.0472E-23]
[%+G] -> [+1.0472E-23]
[%+8G] -> [+1.0472E-23]
[%+-8G] -> [+1.0472E-23]
[%+1G] -> [+1.0472E-23]
[%+-32G] -> [+1.0472E-23                     ]
[%+8.4G] -> [+1.047E-23]
[%+-8.6G] -> [+1.0472E-23]
[%+1.6G] -> [+1.0472E-23]
[%+-32.6G] -> [+1.0472E-23                     ]
[%+08G] -> [+1.0472E-23]
[%+010.5G] -> [+1.0472E-23]
[%*G] -> [1.0472E-23]
[%+*G] -> [+1.0472E-23]
[%10.*G] -> [ 1.047E-23]
[%+10.*G] -> [+1.047E-23]
[%*.*G] -> [1.0472E-23]
[%+*.*G] -> [+1.0472E-23]
